app/build/intermediates/manifest_merge_blame_file/debug/manifest-merger-blame-debug-report.txt
1<?xml version="1.0" encoding="utf-8"?>
2<manifest xmlns:android="http://schemas.android.com/apk/res/android"
3    package="com.flexath.themovieapp"
4    android:versionCode="1"
5    android:versionName="1.0" >
6
7    <uses-sdk
8        android:minSdkVersion="22"
8-->src\main\AndroidManifest.xml
9        android:targetSdkVersion="33" />
9-->src\main\AndroidManifest.xml
10
11    <uses-permission android:name="android.permission.INTERNET" />
11-->src\main\AndroidManifest.xml:5:5-67
11-->src\main\AndroidManifest.xml:5:22-64
12
13    <permission
13-->[androidx.core:core:1.9.0] AndroidManifest.xml:22:5-24:47
14        android:name="com.flexath.themovieapp.DYNAMIC_RECEIVER_NOT_EXPORTED_PERMISSION"
14-->[androidx.core:core:1.9.0] AndroidManifest.xml:23:9-81
15        android:protectionLevel="signature" />
15-->[androidx.core:core:1.9.0] AndroidManifest.xml:24:9-44
16
17    <uses-permission android:name="com.flexath.themovieapp.DYNAMIC_RECEIVER_NOT_EXPORTED_PERMISSION" />
17-->[androidx.core:core:1.9.0] AndroidManifest.xml:26:5-97
17-->[androidx.core:core:1.9.0] AndroidManifest.xml:26:22-94
18
19    <application
19-->src\main\AndroidManifest.xml:7:5-46:19
20        android:name="com.flexath.themovieapp.MovieApplication"
20-->src\main\AndroidManifest.xml:8:9-41
21        android:allowBackup="true"
21-->src\main\AndroidManifest.xml:9:9-35
22        android:appComponentFactory="androidx.core.app.CoreComponentFactory"
22-->[androidx.core:core:1.9.0] AndroidManifest.xml:28:18-86
23        android:dataExtractionRules="@xml/data_extraction_rules"
23-->src\main\AndroidManifest.xml:10:9-65
24        android:debuggable="true"
25        android:fullBackupContent="@xml/backup_rules"
25-->src\main\AndroidManifest.xml:11:9-54
26        android:icon="@mipmap/ic_launcher"
26-->src\main\AndroidManifest.xml:12:9-43
27        android:label="@string/app_name"
27-->src\main\AndroidManifest.xml:13:9-41
28        android:roundIcon="@mipmap/ic_launcher_round"
28-->src\main\AndroidManifest.xml:14:9-54
29        android:supportsRtl="true"
29-->src\main\AndroidManifest.xml:15:9-35
30        android:testOnly="true"
31        android:theme="@style/Theme.TheMovieApp" >
31-->src\main\AndroidManifest.xml:16:9-49
32        <activity
32-->src\main\AndroidManifest.xml:18:9-24:20
33            android:name="com.yeminnaing.movieapplication.activities.MovieSearchActivity"
33-->src\main\AndroidManifest.xml:19:13-90
34            android:exported="false" >
34-->src\main\AndroidManifest.xml:20:13-37
35            <meta-data
35-->src\main\AndroidManifest.xml:21:13-23:36
36                android:name="android.app.lib_name"
36-->src\main\AndroidManifest.xml:22:17-52
37                android:value="" />
37-->src\main\AndroidManifest.xml:23:17-33
38        </activity>
39        <activity
39-->src\main\AndroidManifest.xml:25:9-32:20
40            android:name="com.yeminnaing.movieapplication.activities.MovieDetailsActivity"
40-->src\main\AndroidManifest.xml:26:13-91
41            android:exported="false"
41-->src\main\AndroidManifest.xml:27:13-37
42            android:theme="@style/Theme.TheMovieApp.TransparentStatusBar" >
42-->src\main\AndroidManifest.xml:28:13-74
43            <meta-data
43-->src\main\AndroidManifest.xml:21:13-23:36
44                android:name="android.app.lib_name"
44-->src\main\AndroidManifest.xml:22:17-52
45                android:value="" />
45-->src\main\AndroidManifest.xml:23:17-33
46        </activity>
47        <activity
47-->src\main\AndroidManifest.xml:33:9-45:20
48            android:name="com.yeminnaing.movieapplication.activities.MainActivity"
48-->src\main\AndroidManifest.xml:34:13-83
49            android:exported="true" >
49-->src\main\AndroidManifest.xml:35:13-36
50            <intent-filter>
50-->src\main\AndroidManifest.xml:36:13-40:29
51                <action android:name="android.intent.action.MAIN" />
51-->src\main\AndroidManifest.xml:37:17-69
51-->src\main\AndroidManifest.xml:37:25-66
52
53                <category android:name="android.intent.category.LAUNCHER" />
53-->src\main\AndroidManifest.xml:39:17-77
53-->src\main\AndroidManifest.xml:39:27-74
54            </intent-filter>
55
56            <meta-data
56-->src\main\AndroidManifest.xml:21:13-23:36
57                android:name="android.app.lib_name"
57-->src\main\AndroidManifest.xml:22:17-52
58                android:value="" />
58-->src\main\AndroidManifest.xml:23:17-33
59        </activity>
60
61        <service
61-->[androidx.room:room-runtime:2.5.0] AndroidManifest.xml:24:9-28:63
62            android:name="androidx.room.MultiInstanceInvalidationService"
62-->[androidx.room:room-runtime:2.5.0] AndroidManifest.xml:25:13-74
63            android:directBootAware="true"
63-->[androidx.room:room-runtime:2.5.0] AndroidManifest.xml:26:13-43
64            android:exported="false" />
64-->[androidx.room:room-runtime:2.5.0] AndroidManifest.xml:27:13-37
65
66        <provider
66-->[androidx.emoji2:emoji2:1.2.0] AndroidManifest.xml:24:9-32:20
67            android:name="androidx.startup.InitializationProvider"
67-->[androidx.emoji2:emoji2:1.2.0] AndroidManifest.xml:25:13-67
68            android:authorities="com.flexath.themovieapp.androidx-startup"
68-->[androidx.emoji2:emoji2:1.2.0] AndroidManifest.xml:26:13-68
69            android:exported="false" >
69-->[androidx.emoji2:emoji2:1.2.0] AndroidManifest.xml:27:13-37
70            <meta-data
70-->[androidx.emoji2:emoji2:1.2.0] AndroidManifest.xml:29:13-31:52
71                android:name="androidx.emoji2.text.EmojiCompatInitializer"
71-->[androidx.emoji2:emoji2:1.2.0] AndroidManifest.xml:30:17-75
72                android:value="androidx.startup" />
72-->[androidx.emoji2:emoji2:1.2.0] AndroidManifest.xml:31:17-49
73            <meta-data
73-->[androidx.lifecycle:lifecycle-process:2.4.1] AndroidManifest.xml:31:13-33:52
74                android:name="androidx.lifecycle.ProcessLifecycleInitializer"
74-->[androidx.lifecycle:lifecycle-process:2.4.1] AndroidManifest.xml:32:17-78
75                android:value="androidx.startup" />
75-->[androidx.lifecycle:lifecycle-process:2.4.1] AndroidManifest.xml:33:17-49
76        </provider>
77    </application>
78
79</manifest>